# JRE version: OpenJDK Runtime Environment (7.0_79-b14) (build 1.7.0_79-b14)
# Java VM: OpenJDK 64-Bit Server VM (24.79-b02 mixed mode linux-amd64 compressed oops)
Heap
 PSYoungGen      total 154624K, used 109877K [0x00000000f0480000, 0x00000000fcb80000, 0x0000000100000000)
  eden space 131584K, 83% used [0x00000000f0480000,0x00000000f6fcd4d0,0x00000000f8500000)
  from space 23040K, 0% used [0x00000000fa400000,0x00000000fa400000,0x00000000fba80000)
  to   space 31744K, 0% used [0x00000000f8500000,0x00000000f8500000,0x00000000fa400000)
 ParOldGen       total 83968K, used 36092K [0x00000000d0e00000, 0x00000000d6000000, 0x00000000f0480000)
  object space 83968K, 42% used [0x00000000d0e00000,0x00000000d313f040,0x00000000d6000000)
 PSPermGen       total 45056K, used 21492K [0x00000000c6800000, 0x00000000c9400000, 0x00000000d0e00000)
  object space 45056K, 47% used [0x00000000c6800000,0x00000000c7cfd208,0x00000000c9400000)
GC Heap History (10 events):
Event: 39.319 GC heap before
{Heap before GC invocations=12 (full 0):
 PSYoungGen      total 84480K, used 84461K [0x00000000f0480000, 0x00000000f9600000, 0x0000000100000000)
  eden space 76288K, 100% used [0x00000000f0480000,0x00000000f4f00000,0x00000000f4f00000)
  from space 8192K, 99% used [0x00000000f4f00000,0x00000000f56fb768,0x00000000f5700000)
  to   space 13312K, 0% used [0x00000000f8900000,0x00000000f8900000,0x00000000f9600000)
 ParOldGen       total 31744K, used 23698K [0x00000000d0e00000, 0x00000000d2d00000, 0x00000000f0480000)
  object space 31744K, 74% used [0x00000000d0e00000,0x00000000d2524a80,0x00000000d2d00000)
 PSPermGen       total 21504K, used 19909K [0x00000000c6800000, 0x00000000c7d00000, 0x00000000d0e00000)
  object space 21504K, 92% used [0x00000000c6800000,0x00000000c7b71448,0x00000000c7d00000)
Event: 39.368 GC heap after
Heap after GC invocations=12 (full 0):
 PSYoungGen      total 131072K, used 13289K [0x00000000f0480000, 0x00000000f9f00000, 0x0000000100000000)
  eden space 117760K, 0% used [0x00000000f0480000,0x00000000f0480000,0x00000000f7780000)
  from space 13312K, 99% used [0x00000000f8900000,0x00000000f95fa5a8,0x00000000f9600000)
  to   space 17920K, 0% used [0x00000000f7780000,0x00000000f7780000,0x00000000f8900000)
 ParOldGen       total 31744K, used 30737K [0x00000000d0e00000, 0x00000000d2d00000, 0x00000000f0480000)
  object space 31744K, 96% used [0x00000000d0e00000,0x00000000d2c044a8,0x00000000d2d00000)
 PSPermGen       total 21504K, used 19909K [0x00000000c6800000, 0x00000000c7d00000, 0x00000000d0e00000)
  object space 21504K, 92% used [0x00000000c6800000,0x00000000c7b71448,0x00000000c7d00000)
}
Event: 39.833 GC heap before
{Heap before GC invocations=13 (full 1):
 PSYoungGen      total 131072K, used 13289K [0x00000000f0480000, 0x00000000f9f00000, 0x0000000100000000)
  eden space 117760K, 0% used [0x00000000f0480000,0x00000000f0480000,0x00000000f7780000)
  from space 13312K, 99% used [0x00000000f8900000,0x00000000f95fa5a8,0x00000000f9600000)
  to   space 17920K, 0% used [0x00000000f7780000,0x00000000f7780000,0x00000000f8900000)
 ParOldGen       total 31744K, used 30737K [0x00000000d0e00000, 0x00000000d2d00000, 0x00000000f0480000)
  object space 31744K, 96% used [0x00000000d0e00000,0x00000000d2c044a8,0x00000000d2d00000)
 PSPermGen       total 21504K, used 19909K [0x00000000c6800000, 0x00000000c7d00000, 0x00000000d0e00000)
  object space 21504K, 92% used [0x00000000c6800000,0x00000000c7b71448,0x00000000c7d00000)
Event: 40.959 GC heap after
Heap after GC invocations=13 (full 1):
 PSYoungGen      total 131072K, used 0K [0x00000000f0480000, 0x00000000f9f00000, 0x0000000100000000)
  eden space 117760K, 0% used [0x00000000f0480000,0x00000000f0480000,0x00000000f7780000)
  from space 13312K, 0% used [0x00000000f8900000,0x00000000f8900000,0x00000000f9600000)
  to   space 17920K, 0% used [0x00000000f7780000,0x00000000f7780000,0x00000000f8900000)
 ParOldGen       total 54272K, used 24826K [0x00000000d0e00000, 0x00000000d4300000, 0x00000000f0480000)
  object space 54272K, 45% used [0x00000000d0e00000,0x00000000d263e928,0x00000000d4300000)
 PSPermGen       total 39936K, used 19901K [0x00000000c6800000, 0x00000000c8f00000, 0x00000000d0e00000)
  object space 39936K, 49% used [0x00000000c6800000,0x00000000c7b6f680,0x00000000c8f00000)
}
Event: 55.711 GC heap before
{Heap before GC invocations=14 (full 1):
 PSYoungGen      total 131072K, used 117760K [0x00000000f0480000, 0x00000000f9f00000, 0x0000000100000000)
  eden space 117760K, 100% used [0x00000000f0480000,0x00000000f7780000,0x00000000f7780000)
  from space 13312K, 0% used [0x00000000f8900000,0x00000000f8900000,0x00000000f9600000)
  to   space 17920K, 0% used [0x00000000f7780000,0x00000000f7780000,0x00000000f8900000)
 ParOldGen       total 54272K, used 24826K [0x00000000d0e00000, 0x00000000d4300000, 0x00000000f0480000)
  object space 54272K, 45% used [0x00000000d0e00000,0x00000000d263e928,0x00000000d4300000)
 PSPermGen       total 39936K, used 19916K [0x00000000c6800000, 0x00000000c8f00000, 0x00000000d0e00000)
  object space 39936K, 49% used [0x00000000c6800000,0x00000000c7b73198,0x00000000c8f00000)
Event: 55.992 GC heap after
Heap after GC invocations=14 (full 1):
 PSYoungGen      total 135680K, used 17902K [0x00000000f0480000, 0x00000000fba80000, 0x0000000100000000)
  eden space 117760K, 0% used [0x00000000f0480000,0x00000000f0480000,0x00000000f7780000)
  from space 17920K, 99% used [0x00000000f7780000,0x00000000f88fbbd0,0x00000000f8900000)
  to   space 23040K, 0% used [0x00000000fa400000,0x00000000fa400000,0x00000000fba80000)
 ParOldGen       total 54272K, used 30534K [0x00000000d0e00000, 0x00000000d4300000, 0x00000000f0480000)
  object space 54272K, 56% used [0x00000000d0e00000,0x00000000d2bd1a20,0x00000000d4300000)
 PSPermGen       total 39936K, used 19916K [0x00000000c6800000, 0x00000000c8f00000, 0x00000000d0e00000)
  object space 39936K, 49% used [0x00000000c6800000,0x00000000c7b73198,0x00000000c8f00000)
}
Event: 66.054 GC heap before
{Heap before GC invocations=15 (full 1):
 PSYoungGen      total 135680K, used 135662K [0x00000000f0480000, 0x00000000fba80000, 0x0000000100000000)
  eden space 117760K, 100% used [0x00000000f0480000,0x00000000f7780000,0x00000000f7780000)
  from space 17920K, 99% used [0x00000000f7780000,0x00000000f88fbbd0,0x00000000f8900000)
  to   space 23040K, 0% used [0x00000000fa400000,0x00000000fa400000,0x00000000fba80000)
 ParOldGen       total 54272K, used 30534K [0x00000000d0e00000, 0x00000000d4300000, 0x00000000f0480000)
  object space 54272K, 56% used [0x00000000d0e00000,0x00000000d2bd1a20,0x00000000d4300000)
 PSPermGen       total 39936K, used 19936K [0x00000000c6800000, 0x00000000c8f00000, 0x00000000d0e00000)
  object space 39936K, 49% used [0x00000000c6800000,0x00000000c7b78060,0x00000000c8f00000)
Event: 66.172 GC heap after
Heap after GC invocations=15 (full 1):
 PSYoungGen      total 154624K, used 23020K [0x00000000f0480000, 0x00000000fcb80000, 0x0000000100000000)
  eden space 131584K, 0% used [0x00000000f0480000,0x00000000f0480000,0x00000000f8500000)
  from space 23040K, 99% used [0x00000000fa400000,0x00000000fba7b1c8,0x00000000fba80000)
  to   space 31744K, 0% used [0x00000000f8500000,0x00000000f8500000,0x00000000fa400000)
 ParOldGen       total 54272K, used 43805K [0x00000000d0e00000, 0x00000000d4300000, 0x00000000f0480000)
  object space 54272K, 80% used [0x00000000d0e00000,0x00000000d38c7640,0x00000000d4300000)
 PSPermGen       total 39936K, used 19936K [0x00000000c6800000, 0x00000000c8f00000, 0x00000000d0e00000)
  object space 39936K, 49% used [0x00000000c6800000,0x00000000c7b78060,0x00000000c8f00000)
}
Event: 68.240 GC heap before
{Heap before GC invocations=16 (full 2):
 PSYoungGen      total 154624K, used 23020K [0x00000000f0480000, 0x00000000fcb80000, 0x0000000100000000)
  eden space 131584K, 0% used [0x00000000f0480000,0x00000000f0480000,0x00000000f8500000)
  from space 23040K, 99% used [0x00000000fa400000,0x00000000fba7b1c8,0x00000000fba80000)
  to   space 31744K, 0% used [0x00000000f8500000,0x00000000f8500000,0x00000000fa400000)
 ParOldGen       total 54272K, used 43805K [0x00000000d0e00000, 0x00000000d4300000, 0x00000000f0480000)
  object space 54272K, 80% used [0x00000000d0e00000,0x00000000d38c7640,0x00000000d4300000)
 PSPermGen       total 39936K, used 19936K [0x00000000c6800000, 0x00000000c8f00000, 0x00000000d0e00000)
  object space 39936K, 49% used [0x00000000c6800000,0x00000000c7b78060,0x00000000c8f00000)
Event: 69.121 GC heap after
Heap after GC invocations=16 (full 2):
 PSYoungGen      total 154624K, used 0K [0x00000000f0480000, 0x00000000fcb80000, 0x0000000100000000)
  eden space 131584K, 0% used [0x00000000f0480000,0x00000000f0480000,0x00000000f8500000)
  from space 23040K, 0% used [0x00000000fa400000,0x00000000fa400000,0x00000000fba80000)
  to   space 31744K, 0% used [0x00000000f8500000,0x00000000f8500000,0x00000000fa400000)
 ParOldGen       total 83968K, used 36092K [0x00000000d0e00000, 0x00000000d6000000, 0x00000000f0480000)
  object space 83968K, 42% used [0x00000000d0e00000,0x00000000d313f040,0x00000000d6000000)
 PSPermGen       total 45056K, used 19936K [0x00000000c6800000, 0x00000000c9400000, 0x00000000d0e00000)
  object space 45056K, 44% used [0x00000000c6800000,0x00000000c7b78000,0x00000000c9400000)
}

